<?xml version="1.0" encoding="UTF-8"?>
<coverage generated="1706960564047" clover="3.2.0">
  <project timestamp="1706960564047" name="All files">
    <metrics statements="4" coveredstatements="4" conditionals="0" coveredconditionals="0" methods="3" coveredmethods="3" elements="7" coveredelements="7" complexity="0" loc="4" ncloc="4" packages="1" files="1" classes="1"/>
    <file name="classNames.ts" path="/Users/user/Desktop/Development/Pet-projects/Ulbi/Ulbidev/src/shared/libs/classNames/classNames.ts">
      <metrics statements="4" coveredstatements="4" conditionals="0" coveredconditionals="0" methods="3" coveredmethods="3"/>
      <line num="3" count="1" type="stmt"/>
      <line num="4" count="5" type="stmt"/>
      <line num="8" count="4" type="stmt"/>
      <line num="9" count="2" type="stmt"/>
    </file>
  </project>
</coverage>
