{"/Users/user/Desktop/Development/Pet-projects/Ulbi/Ulbidev/src/shared/libs/classNames/classNames.ts": {"path":"/Users/user/Desktop/Development/Pet-projects/Ulbi/Ulbidev/src/shared/libs/classNames/classNames.ts","statementMap":{"0":{"start":{"line":3,"column":26},"end":{"line":11,"column":1}},"1":{"start":{"line":4,"column":2},"end":{"line":10,"column":14}},"2":{"start":{"line":8,"column":30},"end":{"line":8,"column":37}},"3":{"start":{"line":9,"column":25},"end":{"line":9,"column":28}}},"fnMap":{"0":{"name":"(anonymous_0)","decl":{"start":{"line":3,"column":26},"end":{"line":3,"column":27}},"loc":{"start":{"line":3,"column":99},"end":{"line":11,"column":1}},"line":3},"1":{"name":"(anonymous_1)","decl":{"start":{"line":8,"column":14},"end":{"line":8,"column":15}},"loc":{"start":{"line":8,"column":30},"end":{"line":8,"column":37}},"line":8},"2":{"name":"(anonymous_2)","decl":{"start":{"line":9,"column":11},"end":{"line":9,"column":12}},"loc":{"start":{"line":9,"column":25},"end":{"line":9,"column":28}},"line":9}},"branchMap":{},"s":{"0":1,"1":5,"2":4,"3":2},"f":{"0":5,"1":4,"2":2},"b":{},"_coverageSchema":"1a1c01bbd47fc00a2c39e90264f33305004495a9","hash":"28dba3e78e816473c740a728be78bec0398f969d"}
}
